<?xml version="1.0" encoding="UTF-8"?>
<!-- Generated by org.testng.reporters.JUnitXMLReporter -->
<testsuite ignored="3" hostname="DESKTOP-3V621AB" failures="0" tests="1" name="Default test" time="8.751" errors="0" timestamp="2024-08-05T18:11:42 IST">
  <testcase classname="com.fitpeo.testcases.RevenueCalTestCases" name="updateTextInput" time="4.982"/>
  <testcase classname="com.fitpeo.testcases.RevenueCalTestCases" name="openRevenueCalPage" time="0.0">
    <ignored/>
  </testcase> <!-- openRevenueCalPage -->
  <testcase classname="com.fitpeo.testcases.RevenueCalTestCases" name="checkboxValidate" time="0.0">
    <ignored/>
  </testcase> <!-- checkboxValidate -->
  <testcase classname="com.fitpeo.testcases.RevenueCalTestCases" name="verifySlider" time="0.0">
    <ignored/>
  </testcase> <!-- verifySlider -->
</testsuite> <!-- Default test -->
