<?xml version="1.0" encoding="UTF-8"?>
<!-- Generated by org.testng.reporters.JUnitXMLReporter -->
<testsuite ignored="0" hostname="DESKTOP-3V621AB" failures="0" tests="4" name="Test" time="0.067" errors="0" timestamp="2024-08-05T17:35:52 IST">
  <testcase classname="com.fitpeo.testcases.RevenueCalTestCases" name="@BeforeMethod launchBrowser" time="0.007">
    <failure type="java.lang.NullPointerException" message="Cannot invoke &amp;quot;org.openqa.selenium.WebDriver.get(String)&amp;quot; because &amp;quot;this.driver&amp;quot; is null">
      <![CDATA[java.lang.NullPointerException: Cannot invoke "org.openqa.selenium.WebDriver.get(String)" because "this.driver" is null
at com.fitpeo.testcases.RevenueCalTestCases.launchBrowser(RevenueCalTestCases.java:31)
at java.base/java.util.ArrayList.forEach(ArrayList.java:1597)
... Removed 29 stack frames]]>
    </failure>
  </testcase> <!-- @BeforeMethod launchBrowser -->
  <testcase classname="com.fitpeo.testcases.RevenueCalTestCases" name="@AfterMethod quitBroswer" time="0.0">
    <skipped/>
  </testcase> <!-- @AfterMethod quitBroswer -->
  <testcase classname="com.fitpeo.testcases.RevenueCalTestCases" name="@BeforeMethod launchBrowser" time="0.0">
    <skipped/>
  </testcase> <!-- @BeforeMethod launchBrowser -->
  <testcase classname="com.fitpeo.testcases.RevenueCalTestCases" name="@AfterMethod quitBroswer" time="0.0">
    <skipped/>
  </testcase> <!-- @AfterMethod quitBroswer -->
  <testcase classname="com.fitpeo.testcases.RevenueCalTestCases" name="@BeforeMethod launchBrowser" time="0.0">
    <skipped/>
  </testcase> <!-- @BeforeMethod launchBrowser -->
  <testcase classname="com.fitpeo.testcases.RevenueCalTestCases" name="@AfterMethod quitBroswer" time="0.0">
    <skipped/>
  </testcase> <!-- @AfterMethod quitBroswer -->
  <testcase classname="com.fitpeo.testcases.RevenueCalTestCases" name="@BeforeMethod launchBrowser" time="0.0">
    <skipped/>
  </testcase> <!-- @BeforeMethod launchBrowser -->
  <testcase classname="com.fitpeo.testcases.RevenueCalTestCases" name="@AfterMethod quitBroswer" time="0.0">
    <skipped/>
  </testcase> <!-- @AfterMethod quitBroswer -->
  <testcase classname="com.fitpeo.testcases.RevenueCalTestCases" name="checkboxValidate" time="0.0">
    <skipped/>
  </testcase> <!-- checkboxValidate -->
  <testcase classname="com.fitpeo.testcases.RevenueCalTestCases" name="updateTextInput" time="0.0">
    <skipped/>
  </testcase> <!-- updateTextInput -->
  <testcase classname="com.fitpeo.testcases.RevenueCalTestCases" name="verifySlider" time="0.0">
    <skipped/>
  </testcase> <!-- verifySlider -->
  <testcase classname="com.fitpeo.testcases.RevenueCalTestCases" name="openRevenueCalPage" time="0.0">
    <skipped/>
  </testcase> <!-- openRevenueCalPage -->
</testsuite> <!-- Test -->
