<?xml version="1.0" encoding="UTF-8"?>
<testng-results ignored="0" total="1" passed="1" failed="0" skipped="0">
  <reporter-output>
  </reporter-output>
  <suite started-at="2024-08-05T18:11:34 IST" name="Default suite" finished-at="2024-08-05T18:11:42 IST" duration-ms="8751">
    <groups>
    </groups>
    <test started-at="2024-08-05T18:11:34 IST" name="Default test" finished-at="2024-08-05T18:11:42 IST" duration-ms="8751">
      <class name="com.fitpeo.testcases.RevenueCalTestCases">
        <test-method is-config="true" signature="launchBrowser()[pri:0, instance:com.fitpeo.testcases.RevenueCalTestCases@202b0582]" started-at="2024-08-05T18:11:34 IST" name="launchBrowser" finished-at="2024-08-05T18:11:37 IST" duration-ms="3633" status="PASS">
          <reporter-output>
          </reporter-output>
        </test-method> <!-- launchBrowser -->
        <test-method signature="updateTextInput()[pri:3, instance:com.fitpeo.testcases.RevenueCalTestCases@202b0582]" started-at="2024-08-05T18:11:37 IST" name="updateTextInput" finished-at="2024-08-05T18:11:42 IST" duration-ms="4982" status="PASS">
          <reporter-output>
          </reporter-output>
        </test-method> <!-- updateTextInput -->
        <test-method is-config="true" signature="quitBroswer()[pri:0, instance:com.fitpeo.testcases.RevenueCalTestCases@202b0582]" started-at="2024-08-05T18:11:42 IST" name="quitBroswer" finished-at="2024-08-05T18:11:42 IST" duration-ms="101" status="PASS">
          <reporter-output>
          </reporter-output>
        </test-method> <!-- quitBroswer -->
      </class> <!-- com.fitpeo.testcases.RevenueCalTestCases -->
    </test> <!-- Default test -->
  </suite> <!-- Default suite -->
</testng-results>
